-------------------------------------------------------------------------------
Test set: example.TestExample
-------------------------------------------------------------------------------
Tests run: 1, Failures: 1, Errors: 0, Skipped: 0, Time elapsed: 0.042 s <<< FAILURE! - in example.TestExample
testAll(example.TestExample)  Time elapsed: 0.027 s  <<< FAILURE!
java.lang.AssertionError: expected null, but was:<GVNBNC80B14F219K>
	at example.TestExample.testAll(TestExample.java:94)

