-------------------------------------------------------------------------------
Test set: it.polito.oop.test.TestR7_Delete
-------------------------------------------------------------------------------
Tests run: 7, Failures: 2, Errors: 4, Skipped: 0, Time elapsed: 0.013 s <<< FAILURE! - in it.polito.oop.test.TestR7_Delete
testSimpleElementRemove(it.polito.oop.test.TestR7_Delete)  Time elapsed: 0.007 s  <<< ERROR!
java.lang.NullPointerException: Cannot invoke "hydraulic.Element.connect(hydraulic.Element)" because the return value of "hydraulic.Element.getInput()" is null
	at it.polito.oop.test.TestR7_Delete.testSimpleElementRemove(TestR7_Delete.java:25)

testSinkRelink(it.polito.oop.test.TestR7_Delete)  Time elapsed: 0.002 s  <<< ERROR!
java.lang.NullPointerException: Cannot invoke "hydraulic.Element.setInput(hydraulic.Element)" because "elem" is null
	at it.polito.oop.test.TestR7_Delete.testSinkRelink(TestR7_Delete.java:64)

testMultipleDeletes(it.polito.oop.test.TestR7_Delete)  Time elapsed: 0.001 s  <<< FAILURE!
java.lang.AssertionError: Operation should be permitted!
	at it.polito.oop.test.TestR7_Delete.testMultipleDeletes(TestR7_Delete.java:176)

testWithSplitUnconnected(it.polito.oop.test.TestR7_Delete)  Time elapsed: 0 s  <<< ERROR!
java.lang.NullPointerException: Cannot invoke "hydraulic.Element.setInput(hydraulic.Element)" because "elem" is null
	at it.polito.oop.test.TestR7_Delete.testWithSplitUnconnected(TestR7_Delete.java:139)

testSimpleElementsRelink(it.polito.oop.test.TestR7_Delete)  Time elapsed: 0.001 s  <<< ERROR!
java.lang.NullPointerException: Cannot invoke "hydraulic.Element.connect(hydraulic.Element)" because the return value of "hydraulic.Element.getInput()" is null
	at it.polito.oop.test.TestR7_Delete.testSimpleElementsRelink(TestR7_Delete.java:45)

testSinkAfterSplit(it.polito.oop.test.TestR7_Delete)  Time elapsed: 0.002 s  <<< FAILURE!
java.lang.AssertionError: Wrong number of elements after delete expected:<4> but was:<5>
	at it.polito.oop.test.TestR7_Delete.testSinkAfterSplit(TestR7_Delete.java:93)

